This is pdfTeX, Version 3.14159265-2.6-1.40.19 (MiKTeX 2.9.6630 64-bit) (preloaded format=pdflatex 2018.5.28)  28 MAY 2018 20:41
entering extended mode
**./BE_Project_Report.tex
(BE_Project_Report.tex
LaTeX2e <2017-04-15>
Babel <3.18> and hyphenation patterns for 75 language(s) loaded.
("C:\Users\Manas\AppData\Local\Programs\MiKTeX 2.9\tex\latex\base\report.cls"
Document Class: report 2014/09/29 v1.4h Standard LaTeX document class
("C:\Users\Manas\AppData\Local\Programs\MiKTeX 2.9\tex\latex\base\size12.clo"
File: size12.clo 2014/09/29 v1.4h Standard LaTeX file (size option)
)
\c@part=\count79
\c@chapter=\count80
\c@section=\count81
\c@subsection=\count82
\c@subsubsection=\count83
\c@paragraph=\count84
\c@subparagraph=\count85
\c@figure=\count86
\c@table=\count87
\abovecaptionskip=\skip41
\belowcaptionskip=\skip42
\bibindent=\dimen102
)
("C:\Users\Manas\AppData\Local\Programs\MiKTeX 2.9\tex\latex\graphics\graphicx.
sty"
Package: graphicx 2017/06/01 v1.1a Enhanced LaTeX Graphics (DPC,SPQR)

("C:\Users\Manas\AppData\Local\Programs\MiKTeX 2.9\tex\latex\graphics\keyval.st
y"
Package: keyval 2014/10/28 v1.15 key=value parser (DPC)
\KV@toks@=\toks14
)
("C:\Users\Manas\AppData\Local\Programs\MiKTeX 2.9\tex\latex\graphics\graphics.
sty"
Package: graphics 2017/06/25 v1.2c Standard LaTeX Graphics (DPC,SPQR)

("C:\Users\Manas\AppData\Local\Programs\MiKTeX 2.9\tex\latex\graphics\trig.sty"
Package: trig 2016/01/03 v1.10 sin cos tan (DPC)
)
("C:\Users\Manas\AppData\Local\Programs\MiKTeX 2.9\tex\latex\graphics-cfg\graph
ics.cfg"
File: graphics.cfg 2016/06/04 v1.11 sample graphics configuration
)
Package graphics Info: Driver file: pdftex.def on input line 99.

("C:\Users\Manas\AppData\Local\Programs\MiKTeX 2.9\tex\latex\graphics-def\pdfte
x.def"
File: pdftex.def 2018/01/08 v1.0l Graphics/color driver for pdftex
))
\Gin@req@height=\dimen103
\Gin@req@width=\dimen104
)
("C:\Users\Manas\AppData\Local\Programs\MiKTeX 2.9\tex\latex\fancyhdr\fancyhdr.
sty"
Package: fancyhdr 2017/06/30 v3.9a Extensive control of page headers and footer
s
\f@nch@headwidth=\skip43
\f@nch@O@elh=\skip44
\f@nch@O@erh=\skip45
\f@nch@O@olh=\skip46
\f@nch@O@orh=\skip47
\f@nch@O@elf=\skip48
\f@nch@O@erf=\skip49
\f@nch@O@olf=\skip50
\f@nch@O@orf=\skip51
) ("C:\Users\Manas\AppData\Local\Programs\MiKTeX 2.9\tex\latex\pbox\pbox.sty"
Package: pbox 2011/12/07 v1.2 Dynamic parboxes
 ("C:\Users\Manas\AppData\Local\Programs\MiKTeX 2.9\tex\latex\tools\calc.sty"
Package: calc 2014/10/28 v4.3 Infix arithmetic (KKT,FJ)
\calc@Acount=\count88
\calc@Bcount=\count89
\calc@Adimen=\dimen105
\calc@Bdimen=\dimen106
\calc@Askip=\skip52
\calc@Bskip=\skip53
LaTeX Info: Redefining \setlength on input line 80.
LaTeX Info: Redefining \addtolength on input line 81.
\calc@Ccount=\count90
\calc@Cskip=\skip54
) ("C:\Users\Manas\AppData\Local\Programs\MiKTeX 2.9\tex\latex\base\ifthen.sty"
Package: ifthen 2014/09/29 v1.1c Standard LaTeX ifthen package (DPC)
)
\pb@xlen=\skip55
)
("C:\Users\Manas\AppData\Local\Programs\MiKTeX 2.9\tex\latex\hyperref\hyperref.
sty"
Package: hyperref 2018/02/06 v6.86b Hypertext links for LaTeX

("C:\Users\Manas\AppData\Local\Programs\MiKTeX 2.9\tex\generic\oberdiek\hobsub-
hyperref.sty"
Package: hobsub-hyperref 2016/05/16 v1.14 Bundle oberdiek, subset hyperref (HO)


("C:\Users\Manas\AppData\Local\Programs\MiKTeX 2.9\tex\generic\oberdiek\hobsub-
generic.sty"
Package: hobsub-generic 2016/05/16 v1.14 Bundle oberdiek, subset generic (HO)
Package: hobsub 2016/05/16 v1.14 Construct package bundles (HO)
Package: infwarerr 2016/05/16 v1.4 Providing info/warning/error messages (HO)
Package: ltxcmds 2016/05/16 v1.23 LaTeX kernel commands for general use (HO)
Package: ifluatex 2016/05/16 v1.4 Provides the ifluatex switch (HO)
Package ifluatex Info: LuaTeX not detected.
Package: ifvtex 2016/05/16 v1.6 Detect VTeX and its facilities (HO)
Package ifvtex Info: VTeX not detected.
Package: intcalc 2016/05/16 v1.2 Expandable calculations with integers (HO)
Package: ifpdf 2017/03/15 v3.2 Provides the ifpdf switch
Package: etexcmds 2016/05/16 v1.6 Avoid name clashes with e-TeX commands (HO)
Package etexcmds Info: Could not find \expanded.
(etexcmds)             That can mean that you are not using pdfTeX 1.50 or
(etexcmds)             that some package has redefined \expanded.
(etexcmds)             In the latter case, load this package earlier.
Package: kvsetkeys 2016/05/16 v1.17 Key value parser (HO)
Package: kvdefinekeys 2016/05/16 v1.4 Define keys (HO)
Package: pdftexcmds 2018/01/21 v0.26 Utility functions of pdfTeX for LuaTeX (HO
)
Package pdftexcmds Info: LuaTeX not detected.
Package pdftexcmds Info: \pdf@primitive is available.
Package pdftexcmds Info: \pdf@ifprimitive is available.
Package pdftexcmds Info: \pdfdraftmode found.
Package: pdfescape 2016/05/16 v1.14 Implements pdfTeX's escape features (HO)
Package: bigintcalc 2016/05/16 v1.4 Expandable calculations on big integers (HO
)
Package: bitset 2016/05/16 v1.2 Handle bit-vector datatype (HO)
Package: uniquecounter 2016/05/16 v1.3 Provide unlimited unique counter (HO)
)
Package hobsub Info: Skipping package `hobsub' (already loaded).
Package: letltxmacro 2016/05/16 v1.5 Let assignment for LaTeX macros (HO)
Package: hopatch 2016/05/16 v1.3 Wrapper for package hooks (HO)
Package: xcolor-patch 2016/05/16 xcolor patch
Package: atveryend 2016/05/16 v1.9 Hooks at the very end of document (HO)
Package atveryend Info: \enddocument detected (standard20110627).
Package: atbegshi 2016/06/09 v1.18 At begin shipout hook (HO)
Package: refcount 2016/05/16 v3.5 Data extraction from label references (HO)
Package: hycolor 2016/05/16 v1.8 Color options for hyperref/bookmark (HO)
)
("C:\Users\Manas\AppData\Local\Programs\MiKTeX 2.9\tex\generic\ifxetex\ifxetex.
sty"
Package: ifxetex 2010/09/12 v0.6 Provides ifxetex conditional
)
("C:\Users\Manas\AppData\Local\Programs\MiKTeX 2.9\tex\latex\oberdiek\auxhook.s
ty"
Package: auxhook 2016/05/16 v1.4 Hooks for auxiliary files (HO)
)
("C:\Users\Manas\AppData\Local\Programs\MiKTeX 2.9\tex\latex\oberdiek\kvoptions
.sty"
Package: kvoptions 2016/05/16 v3.12 Key value format for package options (HO)
)
\@linkdim=\dimen107
\Hy@linkcounter=\count91
\Hy@pagecounter=\count92

("C:\Users\Manas\AppData\Local\Programs\MiKTeX 2.9\tex\latex\hyperref\pd1enc.de
f"
File: pd1enc.def 2018/02/06 v6.86b Hyperref: PDFDocEncoding definition (HO)
)
\Hy@SavedSpaceFactor=\count93

("C:\Users\Manas\AppData\Local\Programs\MiKTeX 2.9\tex\latex\00miktex\hyperref.
cfg"
File: hyperref.cfg 2002/06/06 v1.2 hyperref configuration of TeXLive
)
Package hyperref Info: Hyper figures OFF on input line 4509.
Package hyperref Info: Link nesting OFF on input line 4514.
Package hyperref Info: Hyper index ON on input line 4517.
Package hyperref Info: Plain pages OFF on input line 4524.
Package hyperref Info: Backreferencing OFF on input line 4529.
Package hyperref Info: Implicit mode ON; LaTeX internals redefined.
Package hyperref Info: Bookmarks ON on input line 4762.
\c@Hy@tempcnt=\count94
 ("C:\Users\Manas\AppData\Local\Programs\MiKTeX 2.9\tex\latex\url\url.sty"
\Urlmuskip=\muskip10
Package: url 2013/09/16  ver 3.4  Verb mode for urls, etc.
)
LaTeX Info: Redefining \url on input line 5115.
\XeTeXLinkMargin=\dimen108
\Fld@menulength=\count95
\Field@Width=\dimen109
\Fld@charsize=\dimen110
Package hyperref Info: Hyper figures OFF on input line 6369.
Package hyperref Info: Link nesting OFF on input line 6374.
Package hyperref Info: Hyper index ON on input line 6377.
Package hyperref Info: backreferencing OFF on input line 6384.
Package hyperref Info: Link coloring OFF on input line 6389.
Package hyperref Info: Link coloring with OCG OFF on input line 6394.
Package hyperref Info: PDF/A mode OFF on input line 6399.
LaTeX Info: Redefining \ref on input line 6439.
LaTeX Info: Redefining \pageref on input line 6443.
\Hy@abspage=\count96
\c@Item=\count97
\c@Hfootnote=\count98
)
Package hyperref Info: Driver (autodetected): hpdftex.

("C:\Users\Manas\AppData\Local\Programs\MiKTeX 2.9\tex\latex\hyperref\hpdftex.d
ef"
File: hpdftex.def 2018/02/06 v6.86b Hyperref driver for pdfTeX
\Fld@listcount=\count99
\c@bookmark@seq@number=\count100

("C:\Users\Manas\AppData\Local\Programs\MiKTeX 2.9\tex\latex\oberdiek\rerunfile
check.sty"
Package: rerunfilecheck 2016/05/16 v1.8 Rerun checks for auxiliary files (HO)
Package uniquecounter Info: New unique counter `rerunfilecheck' on input line 2
82.
)
\Hy@SectionHShift=\skip56
)
("C:\Users\Manas\AppData\Local\Programs\MiKTeX 2.9\tex\latex\pgf\frontendlayer\
tikz.sty"
("C:\Users\Manas\AppData\Local\Programs\MiKTeX 2.9\tex\latex\pgf\basiclayer\pgf
.sty"
("C:\Users\Manas\AppData\Local\Programs\MiKTeX 2.9\tex\latex\pgf\utilities\pgfr
cs.sty"
("C:\Users\Manas\AppData\Local\Programs\MiKTeX 2.9\tex\generic\pgf\utilities\pg
futil-common.tex"
\pgfutil@everybye=\toks15
\pgfutil@tempdima=\dimen111
\pgfutil@tempdimb=\dimen112

("C:\Users\Manas\AppData\Local\Programs\MiKTeX 2.9\tex\generic\pgf\utilities\pg
futil-common-lists.tex"))
("C:\Users\Manas\AppData\Local\Programs\MiKTeX 2.9\tex\generic\pgf\utilities\pg
futil-latex.def"
\pgfutil@abb=\box26

("C:\Users\Manas\AppData\Local\Programs\MiKTeX 2.9\tex\latex\ms\everyshi.sty"
Package: everyshi 2001/05/15 v3.00 EveryShipout Package (MS)
))
("C:\Users\Manas\AppData\Local\Programs\MiKTeX 2.9\tex\generic\pgf\utilities\pg
frcs.code.tex"
Package: pgfrcs 2015/08/07 v3.0.1a (rcs-revision 1.31)
))
Package: pgf 2015/08/07 v3.0.1a (rcs-revision 1.15)

("C:\Users\Manas\AppData\Local\Programs\MiKTeX 2.9\tex\latex\pgf\basiclayer\pgf
core.sty"
("C:\Users\Manas\AppData\Local\Programs\MiKTeX 2.9\tex\latex\pgf\systemlayer\pg
fsys.sty"
("C:\Users\Manas\AppData\Local\Programs\MiKTeX 2.9\tex\generic\pgf\systemlayer\
pgfsys.code.tex"
Package: pgfsys 2014/07/09 v3.0.1a (rcs-revision 1.48)

("C:\Users\Manas\AppData\Local\Programs\MiKTeX 2.9\tex\generic\pgf\utilities\pg
fkeys.code.tex"
\pgfkeys@pathtoks=\toks16
\pgfkeys@temptoks=\toks17

("C:\Users\Manas\AppData\Local\Programs\MiKTeX 2.9\tex\generic\pgf\utilities\pg
fkeysfiltered.code.tex"
\pgfkeys@tmptoks=\toks18
))
\pgf@x=\dimen113
\pgf@y=\dimen114
\pgf@xa=\dimen115
\pgf@ya=\dimen116
\pgf@xb=\dimen117
\pgf@yb=\dimen118
\pgf@xc=\dimen119
\pgf@yc=\dimen120
\w@pgf@writea=\write3
\r@pgf@reada=\read1
\c@pgf@counta=\count101
\c@pgf@countb=\count102
\c@pgf@countc=\count103
\c@pgf@countd=\count104
\t@pgf@toka=\toks19
\t@pgf@tokb=\toks20
\t@pgf@tokc=\toks21

("C:\Users\Manas\AppData\Local\Programs\MiKTeX 2.9\tex\generic\pgf\systemlayer\
pgf.cfg"
File: pgf.cfg 2008/05/14  (rcs-revision 1.7)
)
Driver file for pgf: pgfsys-pdftex.def

("C:\Users\Manas\AppData\Local\Programs\MiKTeX 2.9\tex\generic\pgf\systemlayer\
pgfsys-pdftex.def"
File: pgfsys-pdftex.def 2014/10/11  (rcs-revision 1.35)

("C:\Users\Manas\AppData\Local\Programs\MiKTeX 2.9\tex\generic\pgf\systemlayer\
pgfsys-common-pdf.def"
File: pgfsys-common-pdf.def 2013/10/10  (rcs-revision 1.13)
)))
("C:\Users\Manas\AppData\Local\Programs\MiKTeX 2.9\tex\generic\pgf\systemlayer\
pgfsyssoftpath.code.tex"
File: pgfsyssoftpath.code.tex 2013/09/09  (rcs-revision 1.9)
\pgfsyssoftpath@smallbuffer@items=\count105
\pgfsyssoftpath@bigbuffer@items=\count106
)
("C:\Users\Manas\AppData\Local\Programs\MiKTeX 2.9\tex\generic\pgf\systemlayer\
pgfsysprotocol.code.tex"
File: pgfsysprotocol.code.tex 2006/10/16  (rcs-revision 1.4)
))
("C:\Users\Manas\AppData\Local\Programs\MiKTeX 2.9\tex\latex\xcolor\xcolor.sty"
Package: xcolor 2016/05/11 v2.12 LaTeX color extensions (UK)

("C:\Users\Manas\AppData\Local\Programs\MiKTeX 2.9\tex\latex\graphics-cfg\color
.cfg"
File: color.cfg 2016/01/02 v1.6 sample color configuration
)
Package xcolor Info: Driver file: pdftex.def on input line 225.
Package xcolor Info: Model `cmy' substituted by `cmy0' on input line 1348.
Package xcolor Info: Model `hsb' substituted by `rgb' on input line 1352.
Package xcolor Info: Model `RGB' extended on input line 1364.
Package xcolor Info: Model `HTML' substituted by `rgb' on input line 1366.
Package xcolor Info: Model `Hsb' substituted by `hsb' on input line 1367.
Package xcolor Info: Model `tHsb' substituted by `hsb' on input line 1368.
Package xcolor Info: Model `HSB' substituted by `hsb' on input line 1369.
Package xcolor Info: Model `Gray' substituted by `gray' on input line 1370.
Package xcolor Info: Model `wave' substituted by `hsb' on input line 1371.
)
("C:\Users\Manas\AppData\Local\Programs\MiKTeX 2.9\tex\generic\pgf\basiclayer\p
gfcore.code.tex"
Package: pgfcore 2010/04/11 v3.0.1a (rcs-revision 1.7)

("C:\Users\Manas\AppData\Local\Programs\MiKTeX 2.9\tex\generic\pgf\math\pgfmath
.code.tex"
("C:\Users\Manas\AppData\Local\Programs\MiKTeX 2.9\tex\generic\pgf\math\pgfmath
calc.code.tex"
("C:\Users\Manas\AppData\Local\Programs\MiKTeX 2.9\tex\generic\pgf\math\pgfmath
util.code.tex")
("C:\Users\Manas\AppData\Local\Programs\MiKTeX 2.9\tex\generic\pgf\math\pgfmath
parser.code.tex"
\pgfmath@dimen=\dimen121
\pgfmath@count=\count107
\pgfmath@box=\box27
\pgfmath@toks=\toks22
\pgfmath@stack@operand=\toks23
\pgfmath@stack@operation=\toks24
)
("C:\Users\Manas\AppData\Local\Programs\MiKTeX 2.9\tex\generic\pgf\math\pgfmath
functions.code.tex"
("C:\Users\Manas\AppData\Local\Programs\MiKTeX 2.9\tex\generic\pgf\math\pgfmath
functions.basic.code.tex")
("C:\Users\Manas\AppData\Local\Programs\MiKTeX 2.9\tex\generic\pgf\math\pgfmath
functions.trigonometric.code.tex")
("C:\Users\Manas\AppData\Local\Programs\MiKTeX 2.9\tex\generic\pgf\math\pgfmath
functions.random.code.tex")
("C:\Users\Manas\AppData\Local\Programs\MiKTeX 2.9\tex\generic\pgf\math\pgfmath
functions.comparison.code.tex")
("C:\Users\Manas\AppData\Local\Programs\MiKTeX 2.9\tex\generic\pgf\math\pgfmath
functions.base.code.tex")
("C:\Users\Manas\AppData\Local\Programs\MiKTeX 2.9\tex\generic\pgf\math\pgfmath
functions.round.code.tex")
("C:\Users\Manas\AppData\Local\Programs\MiKTeX 2.9\tex\generic\pgf\math\pgfmath
functions.misc.code.tex")
("C:\Users\Manas\AppData\Local\Programs\MiKTeX 2.9\tex\generic\pgf\math\pgfmath
functions.integerarithmetics.code.tex")))
("C:\Users\Manas\AppData\Local\Programs\MiKTeX 2.9\tex\generic\pgf\math\pgfmath
float.code.tex"
\c@pgfmathroundto@lastzeros=\count108
))
("C:\Users\Manas\AppData\Local\Programs\MiKTeX 2.9\tex\generic\pgf\basiclayer\p
gfcorepoints.code.tex"
File: pgfcorepoints.code.tex 2013/10/07  (rcs-revision 1.27)
\pgf@picminx=\dimen122
\pgf@picmaxx=\dimen123
\pgf@picminy=\dimen124
\pgf@picmaxy=\dimen125
\pgf@pathminx=\dimen126
\pgf@pathmaxx=\dimen127
\pgf@pathminy=\dimen128
\pgf@pathmaxy=\dimen129
\pgf@xx=\dimen130
\pgf@xy=\dimen131
\pgf@yx=\dimen132
\pgf@yy=\dimen133
\pgf@zx=\dimen134
\pgf@zy=\dimen135
)
("C:\Users\Manas\AppData\Local\Programs\MiKTeX 2.9\tex\generic\pgf\basiclayer\p
gfcorepathconstruct.code.tex"
File: pgfcorepathconstruct.code.tex 2013/10/07  (rcs-revision 1.29)
\pgf@path@lastx=\dimen136
\pgf@path@lasty=\dimen137
)
("C:\Users\Manas\AppData\Local\Programs\MiKTeX 2.9\tex\generic\pgf\basiclayer\p
gfcorepathusage.code.tex"
File: pgfcorepathusage.code.tex 2014/11/02  (rcs-revision 1.24)
\pgf@shorten@end@additional=\dimen138
\pgf@shorten@start@additional=\dimen139
)
("C:\Users\Manas\AppData\Local\Programs\MiKTeX 2.9\tex\generic\pgf\basiclayer\p
gfcorescopes.code.tex"
File: pgfcorescopes.code.tex 2015/05/08  (rcs-revision 1.46)
\pgfpic=\box28
\pgf@hbox=\box29
\pgf@layerbox@main=\box30
\pgf@picture@serial@count=\count109
)
("C:\Users\Manas\AppData\Local\Programs\MiKTeX 2.9\tex\generic\pgf\basiclayer\p
gfcoregraphicstate.code.tex"
File: pgfcoregraphicstate.code.tex 2014/11/02  (rcs-revision 1.12)
\pgflinewidth=\dimen140
)
("C:\Users\Manas\AppData\Local\Programs\MiKTeX 2.9\tex\generic\pgf\basiclayer\p
gfcoretransformations.code.tex"
File: pgfcoretransformations.code.tex 2015/08/07  (rcs-revision 1.20)
\pgf@pt@x=\dimen141
\pgf@pt@y=\dimen142
\pgf@pt@temp=\dimen143
)
("C:\Users\Manas\AppData\Local\Programs\MiKTeX 2.9\tex\generic\pgf\basiclayer\p
gfcorequick.code.tex"
File: pgfcorequick.code.tex 2008/10/09  (rcs-revision 1.3)
)
("C:\Users\Manas\AppData\Local\Programs\MiKTeX 2.9\tex\generic\pgf\basiclayer\p
gfcoreobjects.code.tex"
File: pgfcoreobjects.code.tex 2006/10/11  (rcs-revision 1.2)
)
("C:\Users\Manas\AppData\Local\Programs\MiKTeX 2.9\tex\generic\pgf\basiclayer\p
gfcorepathprocessing.code.tex"
File: pgfcorepathprocessing.code.tex 2013/09/09  (rcs-revision 1.9)
)
("C:\Users\Manas\AppData\Local\Programs\MiKTeX 2.9\tex\generic\pgf\basiclayer\p
gfcorearrows.code.tex"
File: pgfcorearrows.code.tex 2015/05/14  (rcs-revision 1.43)
\pgfarrowsep=\dimen144
)
("C:\Users\Manas\AppData\Local\Programs\MiKTeX 2.9\tex\generic\pgf\basiclayer\p
gfcoreshade.code.tex"
File: pgfcoreshade.code.tex 2013/07/15  (rcs-revision 1.15)
\pgf@max=\dimen145
\pgf@sys@shading@range@num=\count110
)
("C:\Users\Manas\AppData\Local\Programs\MiKTeX 2.9\tex\generic\pgf\basiclayer\p
gfcoreimage.code.tex"
File: pgfcoreimage.code.tex 2013/07/15  (rcs-revision 1.18)

("C:\Users\Manas\AppData\Local\Programs\MiKTeX 2.9\tex\generic\pgf\basiclayer\p
gfcoreexternal.code.tex"
File: pgfcoreexternal.code.tex 2014/07/09  (rcs-revision 1.21)
\pgfexternal@startupbox=\box31
))
("C:\Users\Manas\AppData\Local\Programs\MiKTeX 2.9\tex\generic\pgf\basiclayer\p
gfcorelayers.code.tex"
File: pgfcorelayers.code.tex 2013/07/18  (rcs-revision 1.7)
)
("C:\Users\Manas\AppData\Local\Programs\MiKTeX 2.9\tex\generic\pgf\basiclayer\p
gfcoretransparency.code.tex"
File: pgfcoretransparency.code.tex 2013/09/30  (rcs-revision 1.5)
)
("C:\Users\Manas\AppData\Local\Programs\MiKTeX 2.9\tex\generic\pgf\basiclayer\p
gfcorepatterns.code.tex"
File: pgfcorepatterns.code.tex 2013/11/07  (rcs-revision 1.5)
)))
("C:\Users\Manas\AppData\Local\Programs\MiKTeX 2.9\tex\generic\pgf\modules\pgfm
oduleshapes.code.tex"
File: pgfmoduleshapes.code.tex 2014/03/21  (rcs-revision 1.35)
\pgfnodeparttextbox=\box32
)
("C:\Users\Manas\AppData\Local\Programs\MiKTeX 2.9\tex\generic\pgf\modules\pgfm
oduleplot.code.tex"
File: pgfmoduleplot.code.tex 2015/08/03  (rcs-revision 1.13)
)
("C:\Users\Manas\AppData\Local\Programs\MiKTeX 2.9\tex\latex\pgf\compatibility\
pgfcomp-version-0-65.sty"
Package: pgfcomp-version-0-65 2007/07/03 v3.0.1a (rcs-revision 1.7)
\pgf@nodesepstart=\dimen146
\pgf@nodesepend=\dimen147
)
("C:\Users\Manas\AppData\Local\Programs\MiKTeX 2.9\tex\latex\pgf\compatibility\
pgfcomp-version-1-18.sty"
Package: pgfcomp-version-1-18 2007/07/23 v3.0.1a (rcs-revision 1.1)
))
("C:\Users\Manas\AppData\Local\Programs\MiKTeX 2.9\tex\latex\pgf\utilities\pgff
or.sty"
("C:\Users\Manas\AppData\Local\Programs\MiKTeX 2.9\tex\latex\pgf\utilities\pgfk
eys.sty"
("C:\Users\Manas\AppData\Local\Programs\MiKTeX 2.9\tex\generic\pgf\utilities\pg
fkeys.code.tex"))
("C:\Users\Manas\AppData\Local\Programs\MiKTeX 2.9\tex\latex\pgf\math\pgfmath.s
ty"
("C:\Users\Manas\AppData\Local\Programs\MiKTeX 2.9\tex\generic\pgf\math\pgfmath
.code.tex"))
("C:\Users\Manas\AppData\Local\Programs\MiKTeX 2.9\tex\generic\pgf\utilities\pg
ffor.code.tex"
Package: pgffor 2013/12/13 v3.0.1a (rcs-revision 1.25)

("C:\Users\Manas\AppData\Local\Programs\MiKTeX 2.9\tex\generic\pgf\math\pgfmath
.code.tex")
\pgffor@iter=\dimen148
\pgffor@skip=\dimen149
\pgffor@stack=\toks25
\pgffor@toks=\toks26
))
("C:\Users\Manas\AppData\Local\Programs\MiKTeX 2.9\tex\generic\pgf\frontendlaye
r\tikz\tikz.code.tex"
Package: tikz 2015/08/07 v3.0.1a (rcs-revision 1.151)

("C:\Users\Manas\AppData\Local\Programs\MiKTeX 2.9\tex\generic\pgf\libraries\pg
flibraryplothandlers.code.tex"
File: pgflibraryplothandlers.code.tex 2013/08/31 v3.0.1a (rcs-revision 1.20)
\pgf@plot@mark@count=\count111
\pgfplotmarksize=\dimen150
)
\tikz@lastx=\dimen151
\tikz@lasty=\dimen152
\tikz@lastxsaved=\dimen153
\tikz@lastysaved=\dimen154
\tikzleveldistance=\dimen155
\tikzsiblingdistance=\dimen156
\tikz@figbox=\box33
\tikz@figbox@bg=\box34
\tikz@tempbox=\box35
\tikz@tempbox@bg=\box36
\tikztreelevel=\count112
\tikznumberofchildren=\count113
\tikznumberofcurrentchild=\count114
\tikz@fig@count=\count115

("C:\Users\Manas\AppData\Local\Programs\MiKTeX 2.9\tex\generic\pgf\modules\pgfm
odulematrix.code.tex"
File: pgfmodulematrix.code.tex 2013/09/17  (rcs-revision 1.8)
\pgfmatrixcurrentrow=\count116
\pgfmatrixcurrentcolumn=\count117
\pgf@matrix@numberofcolumns=\count118
)
\tikz@expandcount=\count119

("C:\Users\Manas\AppData\Local\Programs\MiKTeX 2.9\tex\generic\pgf\frontendlaye
r\tikz\libraries\tikzlibrarytopaths.code.tex"
File: tikzlibrarytopaths.code.tex 2008/06/17 v3.0.1a (rcs-revision 1.2)
)))
("C:\Users\Manas\AppData\Local\Programs\MiKTeX 2.9\tex\generic\pgf\frontendlaye
r\tikz\libraries\tikzlibraryarrows.code.tex"
File: tikzlibraryarrows.code.tex 2008/01/09 v3.0.1a (rcs-revision 1.1)

("C:\Users\Manas\AppData\Local\Programs\MiKTeX 2.9\tex\generic\pgf\libraries\pg
flibraryarrows.code.tex"
File: pgflibraryarrows.code.tex 2013/09/23 v3.0.1a (rcs-revision 1.16)
\arrowsize=\dimen157
))
("C:\Users\Manas\AppData\Local\Programs\MiKTeX 2.9\tex\generic\pgf\frontendlaye
r\tikz\libraries\tikzlibraryshapes.code.tex"
File: tikzlibraryshapes.code.tex 2008/01/09 v3.0.1a (rcs-revision 1.1)

("C:\Users\Manas\AppData\Local\Programs\MiKTeX 2.9\tex\generic\pgf\frontendlaye
r\tikz\libraries\tikzlibraryshapes.geometric.code.tex"
File: tikzlibraryshapes.geometric.code.tex 2008/01/09 v3.0.1a (rcs-revision 1.1
)

("C:\Users\Manas\AppData\Local\Programs\MiKTeX 2.9\tex\generic\pgf\libraries\sh
apes\pgflibraryshapes.geometric.code.tex"
File: pgflibraryshapes.geometric.code.tex 2008/06/26 v3.0.1a (rcs-revision 1.1)

))
("C:\Users\Manas\AppData\Local\Programs\MiKTeX 2.9\tex\generic\pgf\frontendlaye
r\tikz\libraries\tikzlibraryshapes.misc.code.tex"
File: tikzlibraryshapes.misc.code.tex 2008/01/09 v3.0.1a (rcs-revision 1.1)

("C:\Users\Manas\AppData\Local\Programs\MiKTeX 2.9\tex\generic\pgf\libraries\sh
apes\pgflibraryshapes.misc.code.tex"
File: pgflibraryshapes.misc.code.tex 2013/07/18 v3.0.1a (rcs-revision 1.5)
))
("C:\Users\Manas\AppData\Local\Programs\MiKTeX 2.9\tex\generic\pgf\frontendlaye
r\tikz\libraries\tikzlibraryshapes.symbols.code.tex"
File: tikzlibraryshapes.symbols.code.tex 2008/01/09 v3.0.1a (rcs-revision 1.1)

("C:\Users\Manas\AppData\Local\Programs\MiKTeX 2.9\tex\generic\pgf\libraries\sh
apes\pgflibraryshapes.symbols.code.tex"
File: pgflibraryshapes.symbols.code.tex 2013/09/11 v3.0.1a (rcs-revision 1.6)
))
("C:\Users\Manas\AppData\Local\Programs\MiKTeX 2.9\tex\generic\pgf\frontendlaye
r\tikz\libraries\tikzlibraryshapes.arrows.code.tex"
File: tikzlibraryshapes.arrows.code.tex 2008/01/09 v3.0.1a (rcs-revision 1.1)

("C:\Users\Manas\AppData\Local\Programs\MiKTeX 2.9\tex\generic\pgf\libraries\sh
apes\pgflibraryshapes.arrows.code.tex"
File: pgflibraryshapes.arrows.code.tex 2008/06/26 v3.0.1a (rcs-revision 1.1)
))
("C:\Users\Manas\AppData\Local\Programs\MiKTeX 2.9\tex\generic\pgf\frontendlaye
r\tikz\libraries\tikzlibraryshapes.callouts.code.tex"
("C:\Users\Manas\AppData\Local\Programs\MiKTeX 2.9\tex\generic\pgf\libraries\sh
apes\pgflibraryshapes.callouts.code.tex"))
("C:\Users\Manas\AppData\Local\Programs\MiKTeX 2.9\tex\generic\pgf\frontendlaye
r\tikz\libraries\tikzlibraryshapes.multipart.code.tex"
File: tikzlibraryshapes.multipart.code.tex 2008/01/09 v3.0.1a (rcs-revision 1.1
)

("C:\Users\Manas\AppData\Local\Programs\MiKTeX 2.9\tex\generic\pgf\libraries\sh
apes\pgflibraryshapes.multipart.code.tex"
File: pgflibraryshapes.multipart.code.tex 2010/01/07 v3.0.1a (rcs-revision 1.2)

\pgfnodepartlowerbox=\box37
\pgfnodeparttwobox=\box38
\pgfnodepartthreebox=\box39
\pgfnodepartfourbox=\box40
\pgfnodeparttwentybox=\box41
\pgfnodepartnineteenbox=\box42
\pgfnodeparteighteenbox=\box43
\pgfnodepartseventeenbox=\box44
\pgfnodepartsixteenbox=\box45
\pgfnodepartfifteenbox=\box46
\pgfnodepartfourteenbox=\box47
\pgfnodepartthirteenbox=\box48
\pgfnodeparttwelvebox=\box49
\pgfnodepartelevenbox=\box50
\pgfnodeparttenbox=\box51
\pgfnodepartninebox=\box52
\pgfnodeparteightbox=\box53
\pgfnodepartsevenbox=\box54
\pgfnodepartsixbox=\box55
\pgfnodepartfivebox=\box56
)))
("C:\Users\Manas\AppData\Local\Programs\MiKTeX 2.9\tex\generic\pgf\frontendlaye
r\tikz\libraries\tikzlibrarysnakes.code.tex"
File: tikzlibrarysnakes.code.tex 2013/07/15 v3.0.1a (rcs-revision 1.7)


Package pgf Warning: Snakes have been superseded by decorations. Please use the
 decoration libraries instead of the snakes library on input line 14.


("C:\Users\Manas\AppData\Local\Programs\MiKTeX 2.9\tex\generic\pgf\frontendlaye
r\tikz\libraries\tikzlibrarydecorations.pathmorphing.code.tex"
("C:\Users\Manas\AppData\Local\Programs\MiKTeX 2.9\tex\generic\pgf\frontendlaye
r\tikz\libraries\tikzlibrarydecorations.code.tex"
("C:\Users\Manas\AppData\Local\Programs\MiKTeX 2.9\tex\generic\pgf\modules\pgfm
oduledecorations.code.tex"
\pgfdecoratedcompleteddistance=\dimen158
\pgfdecoratedremainingdistance=\dimen159
\pgfdecoratedinputsegmentcompleteddistance=\dimen160
\pgfdecoratedinputsegmentremainingdistance=\dimen161
\pgf@decorate@distancetomove=\dimen162
\pgf@decorate@repeatstate=\count120
\pgfdecorationsegmentamplitude=\dimen163
\pgfdecorationsegmentlength=\dimen164
)
\tikz@lib@dec@box=\box57
)
("C:\Users\Manas\AppData\Local\Programs\MiKTeX 2.9\tex\generic\pgf\libraries\de
corations\pgflibrarydecorations.pathmorphing.code.tex"))
("C:\Users\Manas\AppData\Local\Programs\MiKTeX 2.9\tex\generic\pgf\frontendlaye
r\tikz\libraries\tikzlibrarydecorations.pathreplacing.code.tex"
("C:\Users\Manas\AppData\Local\Programs\MiKTeX 2.9\tex\generic\pgf\libraries\de
corations\pgflibrarydecorations.pathreplacing.code.tex"))
("C:\Users\Manas\AppData\Local\Programs\MiKTeX 2.9\tex\generic\pgf\frontendlaye
r\tikz\libraries\tikzlibrarydecorations.shapes.code.tex"
("C:\Users\Manas\AppData\Local\Programs\MiKTeX 2.9\tex\generic\pgf\libraries\de
corations\pgflibrarydecorations.shapes.code.tex")))
("C:\Users\Manas\AppData\Local\Programs\MiKTeX 2.9\tex\generic\pgf\frontendlaye
r\tikz\libraries\tikzlibraryautomata.code.tex"
File: tikzlibraryautomata.code.tex 2008/07/14 v3.0.1a (rcs-revision 1.3)
)
("C:\Users\Manas\AppData\Local\Programs\MiKTeX 2.9\tex\generic\pgf\frontendlaye
r\tikz\libraries\tikzlibrarybackgrounds.code.tex"
File: tikzlibrarybackgrounds.code.tex 2013/07/18 v3.0.1a (rcs-revision 1.3)
\pgf@layerbox@background=\box58
\pgf@layerboxsaved@background=\box59
)
("C:\Users\Manas\AppData\Local\Programs\MiKTeX 2.9\tex\generic\pgf\frontendlaye
r\tikz\libraries\tikzlibrarypetri.code.tex"
File: tikzlibrarypetri.code.tex 2013/07/17 v3.0.1a (rcs-revision 1.3)
)
("C:\Users\Manas\AppData\Local\Programs\MiKTeX 2.9\tex\latex\tools\tabularx.sty
"
Package: tabularx 2016/02/03 v2.11 `tabularx' package (DPC)
 ("C:\Users\Manas\AppData\Local\Programs\MiKTeX 2.9\tex\latex\tools\array.sty"
Package: array 2016/10/06 v2.4d Tabular extension package (FMi)
\col@sep=\dimen165
\extrarowheight=\dimen166
\NC@list=\toks27
\extratabsurround=\skip57
\backup@length=\skip58
)
\TX@col@width=\dimen167
\TX@old@table=\dimen168
\TX@old@col=\dimen169
\TX@target=\dimen170
\TX@delta=\dimen171
\TX@cols=\count121
\TX@ftn=\toks28
)
("C:\Users\Manas\AppData\Local\Programs\MiKTeX 2.9\tex\latex\tocbibind\tocbibin
d.sty"
Package: tocbibind 2010/10/13 v1.5k extra ToC listings
Package tocbibind Info: The document has chapter divisions on input line 50.


Package tocbibind Note: Using chapter style headings, unless overridden.

)
("C:\Users\Manas\AppData\Local\Programs\MiKTeX 2.9\tex\latex\appendix\appendix.
sty"
Package: appendix 2009/09/02 v1.2b extra appendix facilities
\c@@pps=\count122
\c@@ppsavesec=\count123
\c@@ppsaveapp=\count124
)
("C:\Users\Manas\AppData\Local\Programs\MiKTeX 2.9\tex\latex\titlesec\titletoc.
sty"
Package: titletoc 2011/12/15 v1.6 TOC entries
\ttl@leftsep=\dimen172
)
("C:\Users\Manas\AppData\Local\Programs\MiKTeX 2.9\tex\latex\float\float.sty"
Package: float 2001/11/08 v1.3d Float enhancements (AL)
\c@float@type=\count125
\float@exts=\toks29
\float@box=\box60
\@float@everytoks=\toks30
\@floatcapt=\box61
)
("C:\Users\Manas\AppData\Local\Programs\MiKTeX 2.9\tex\latex\caption\subcaption
.sty"
Package: subcaption 2016/05/22 v1.1-161 Sub-captions (AR)

("C:\Users\Manas\AppData\Local\Programs\MiKTeX 2.9\tex\latex\caption\caption.st
y"
Package: caption 2016/02/21 v3.3-144 Customizing captions (AR)

("C:\Users\Manas\AppData\Local\Programs\MiKTeX 2.9\tex\latex\caption\caption3.s
ty"
Package: caption3 2016/05/22 v1.7-166 caption3 kernel (AR)
Package caption3 Info: TeX engine: e-TeX on input line 67.
\captionmargin=\dimen173
\captionmargin@=\dimen174
\captionwidth=\dimen175
\caption@tempdima=\dimen176
\caption@indent=\dimen177
\caption@parindent=\dimen178
\caption@hangindent=\dimen179
)
\c@ContinuedFloat=\count126
Package caption Info: float package is loaded.
Package caption Info: hyperref package is loaded.
)
\c@subfigure=\count127
\c@subtable=\count128
)
("C:\Users\Manas\AppData\Local\Programs\MiKTeX 2.9\tex\latex\multirow\multirow.
sty"
Package: multirow 2016/11/25 v2.2 Span multiple rows of a table
\multirow@colwidth=\skip59
\multirow@cntb=\count129
\multirow@dima=\skip60
\bigstrutjot=\dimen180
)
("C:\Users\Manas\AppData\Local\Programs\MiKTeX 2.9\tex\latex\algorithm2e\algori
thm2e.sty"
Package: algorithm2e 2017/07/18 v5.2 algorithms environments
\c@AlgoLine=\count130
\algocf@hangindent=\skip61

("C:\Users\Manas\AppData\Local\Programs\MiKTeX 2.9\tex\latex\ifoddpage\ifoddpag
e.sty"
Package: ifoddpage 2016/04/23 v1.1 Conditionals for odd/even page detection
\c@checkoddpage=\count131
)
("C:\Users\Manas\AppData\Local\Programs\MiKTeX 2.9\tex\latex\tools\xspace.sty"
Package: xspace 2014/10/28 v1.13 Space after command names (DPC,MH)
)
("C:\Users\Manas\AppData\Local\Programs\MiKTeX 2.9\tex\latex\ltxmisc\relsize.st
y"
Package: relsize 2003/07/04 ver 3.1
)
\skiptotal=\skip62
\skiplinenumber=\skip63
\skiprule=\skip64
\skiphlne=\skip65
\skiptext=\skip66
\skiplength=\skip67
\algomargin=\skip68
\skipalgocfslide=\skip69
\algowidth=\dimen181
\inoutsize=\dimen182
\inoutindent=\dimen183
\interspacetitleruled=\dimen184
\interspacealgoruled=\dimen185
\interspacetitleboxruled=\dimen186
\algocf@ruledwidth=\skip70
\algocf@inoutbox=\box62
\algocf@inputbox=\box63
\AlCapSkip=\skip71
\AlCapHSkip=\skip72
\algoskipindent=\skip73
\algocf@nlbox=\box64
\algocf@hangingbox=\box65
\algocf@untilbox=\box66
\algocf@skipuntil=\skip74
\algocf@capbox=\box67
\algocf@lcaptionbox=\skip75
\algoheightruledefault=\skip76
\algoheightrule=\skip77
\algotitleheightruledefault=\skip78
\algotitleheightrule=\skip79
\c@algocfline=\count132
\c@algocfproc=\count133
\c@algocf=\count134
\algocf@algoframe=\box68
\algocf@algobox=\box69
) (BE_Project_Report.aux

LaTeX Warning: Label `tab:risk3' multiply defined.

)
\openout1 = `BE_Project_Report.aux'.

LaTeX Font Info:    Checking defaults for OML/cmm/m/it on input line 48.
LaTeX Font Info:    ... okay on input line 48.
LaTeX Font Info:    Checking defaults for T1/cmr/m/n on input line 48.
LaTeX Font Info:    ... okay on input line 48.
LaTeX Font Info:    Checking defaults for OT1/cmr/m/n on input line 48.
LaTeX Font Info:    ... okay on input line 48.
LaTeX Font Info:    Checking defaults for OMS/cmsy/m/n on input line 48.
LaTeX Font Info:    ... okay on input line 48.
LaTeX Font Info:    Checking defaults for OMX/cmex/m/n on input line 48.
LaTeX Font Info:    ... okay on input line 48.
LaTeX Font Info:    Checking defaults for U/cmr/m/n on input line 48.
LaTeX Font Info:    ... okay on input line 48.
LaTeX Font Info:    Checking defaults for PD1/pdf/m/n on input line 48.
LaTeX Font Info:    ... okay on input line 48.

("C:\Users\Manas\AppData\Local\Programs\MiKTeX 2.9\tex\context\base\supp-pdf.mk
ii"
[Loading MPS to PDF converter (version 2006.09.02).]
\scratchcounter=\count135
\scratchdimen=\dimen187
\scratchbox=\box70
\nofMPsegments=\count136
\nofMParguments=\count137
\everyMPshowfont=\toks31
\MPscratchCnt=\count138
\MPscratchDim=\dimen188
\MPnumerator=\count139
\makeMPintoPDFobject=\count140
\everyMPtoPDFconversion=\toks32
)
("C:\Users\Manas\AppData\Local\Programs\MiKTeX 2.9\tex\latex\oberdiek\epstopdf-
base.sty"
Package: epstopdf-base 2016/05/15 v2.6 Base part for package epstopdf

("C:\Users\Manas\AppData\Local\Programs\MiKTeX 2.9\tex\latex\oberdiek\grfext.st
y"
Package: grfext 2016/05/16 v1.2 Manage graphics extensions (HO)
)
Package epstopdf-base Info: Redefining graphics rule for `.eps' on input line 4
38.
Package grfext Info: Graphics extension search list:
(grfext)             [.pdf,.png,.jpg,.mps,.jpeg,.jbig2,.jb2,.PDF,.PNG,.JPG,.JPE
G,.JBIG2,.JB2,.eps]
(grfext)             \AppendGraphicsExtensions on input line 456.
)
\AtBeginShipoutBox=\box71
Package hyperref Info: Link coloring OFF on input line 48.

("C:\Users\Manas\AppData\Local\Programs\MiKTeX 2.9\tex\latex\hyperref\nameref.s
ty"
Package: nameref 2016/05/21 v2.44 Cross-referencing by name of section

("C:\Users\Manas\AppData\Local\Programs\MiKTeX 2.9\tex\generic\oberdiek\gettitl
estring.sty"
Package: gettitlestring 2016/05/16 v1.5 Cleanup title references (HO)
)
\c@section@level=\count141
)
LaTeX Info: Redefining \ref on input line 48.
LaTeX Info: Redefining \pageref on input line 48.
LaTeX Info: Redefining \nameref on input line 48.
 (BE_Project_Report.out) (BE_Project_Report.out)
\@outlinefile=\write4
\openout4 = `BE_Project_Report.out'.


ABD: EveryShipout initializing macros
Package caption Info: Begin \AtBeginDocument code.
Package caption Info: End \AtBeginDocument code.


LaTeX Font Warning: Font shape `OT1/cmr/bx/n' in size <16> not available
(Font)              size <17.28> substituted on input line 55.

[1

{C:/Users/Manas/AppData/Local/MiKTeX/2.9/pdftex/config/pdftex.map}]
LaTeX Font Info:    External font `cmex10' loaded for size
(Font)              <12> on input line 101.
LaTeX Font Info:    External font `cmex10' loaded for size
(Font)              <8> on input line 101.
LaTeX Font Info:    External font `cmex10' loaded for size
(Font)              <6> on input line 101.
 [2]
[3] [4] (BE_Project_Report.toc

Package Fancyhdr Warning: \fancyfoot's `E' option without twoside option is use
less on input line 31.


Package Fancyhdr Warning: \fancyfoot's `E' option without twoside option is use
less on input line 31.

[5

] [6])
\tf@toc=\write5
\openout5 = `BE_Project_Report.toc'.

 [7] (BE_Project_Report.lof)
\tf@lof=\write6
\openout6 = `BE_Project_Report.lof'.



Package Fancyhdr Warning: \fancyfoot's `E' option without twoside option is use
less on input line 191.


Package Fancyhdr Warning: \fancyfoot's `E' option without twoside option is use
less on input line 191.

[8

] (BE_Project_Report.lot)
\tf@lot=\write7
\openout7 = `BE_Project_Report.lot'.



Package Fancyhdr Warning: \fancyfoot's `E' option without twoside option is use
less on input line 193.


Package Fancyhdr Warning: \fancyfoot's `E' option without twoside option is use
less on input line 193.

[9

]pdfTeX warning (ext4): destination with the same identifier (name{page.1}) has
 been already used, duplicate ignored
<to be read again> 
                   \relax 
l.195 \end{abstract}
                     [1]
Chapter 1.
LaTeX Font Info:    Try loading font information for OMS+cmr on input line 203.

("C:\Users\Manas\AppData\Local\Programs\MiKTeX 2.9\tex\latex\base\omscmr.fd"
File: omscmr.fd 2014/09/29 v2.5h Standard LaTeX font definitions
)
LaTeX Font Info:    Font shape `OMS/cmr/m/n' in size <12> not available
(Font)              Font shape `OMS/cmsy/m/n' tried instead on input line 203.


Package Fancyhdr Warning: \fancyfoot's `E' option without twoside option is use
less on input line 220.


Package Fancyhdr Warning: \fancyfoot's `E' option without twoside option is use
less on input line 220.

pdfTeX warning (ext4): destination with the same identifier (name{page.1}) has 
been already used, duplicate ignored
<to be read again> 
                   \relax 
l.220 \newpage
               [1

]pdfTeX warning (ext4): destination with the same identifier (name{page.2}) has
 been already used, duplicate ignored
<to be read again> 
                   \relax 
l.237 \newpage
               [2]pdfTeX warning (ext4): destination with the same identifier (
name{page.3}) has been already used, duplicate ignored
<to be read again> 
                   \relax 
l.262 \newpage
               [3]
Underfull \hbox (badness 10000) in paragraph at lines 271--271

 []


Underfull \hbox (badness 10000) in paragraph at lines 273--273

 []


Underfull \hbox (badness 10000) in paragraph at lines 275--276

 []


Underfull \hbox (badness 10000) in paragraph at lines 278--280

 []

pdfTeX warning (ext4): destination with the same identifier (name{page.4}) has 
been already used, duplicate ignored
<to be read again> 
                   \relax 
l.289 ...ks onto the detected face \\ \textbf{F4:}
                                                   Re-orient the face by tak...
[4]
Underfull \hbox (badness 10000) in paragraph at lines 289--290

 []


Underfull \hbox (badness 10000) in paragraph at lines 290--291

 []


Underfull \hbox (badness 10000) in paragraph at lines 291--292

 []


Underfull \hbox (badness 10000) in paragraph at lines 312--313

 []

pdfTeX warning (ext4): destination with the same identifier (name{page.5}) has 
been already used, duplicate ignored
<to be read again> 
                   \relax 
l.320 				\item O
                 bjective function is cross entropy error [5]pdfTeX warning (ex
t4): destination with the same identifier (name{page.6}) has been already used,
 duplicate ignored
<to be read again> 
                   \relax 
l.376 	\item \textbf
                    {F3 = Emotion Recognition}\\ [6]
Underfull \hbox (badness 10000) in paragraph at lines 378--380

 []


Underfull \hbox (badness 10000) in paragraph at lines 380--382

 []

pdfTeX warning (ext4): destination with the same identifier (name{page.7}) has 
been already used, duplicate ignored
<to be read again> 
                   \relax 
l.390 \newpage
               [7]
Chapter 2.

Package Fancyhdr Warning: \fancyfoot's `E' option without twoside option is use
less on input line 411.


Package Fancyhdr Warning: \fancyfoot's `E' option without twoside option is use
less on input line 411.

pdfTeX warning (ext4): destination with the same identifier (name{page.8}) has 
been already used, duplicate ignored
<to be read again> 
                   \relax 
l.411 
       [8

]pdfTeX warning (ext4): destination with the same identifier (name{page.9}) has
 been already used, duplicate ignored
<to be read again> 
                   \relax 
l.416 \chapter
              {Introduction} [9]
Chapter 3.

Package Fancyhdr Warning: \fancyfoot's `E' option without twoside option is use
less on input line 432.


Package Fancyhdr Warning: \fancyfoot's `E' option without twoside option is use
less on input line 432.

[10

]

LaTeX Warning: Citation `park15_implem_voice_emotion_recog_inter' on page 11 un
defined on input line 436.


LaTeX Warning: Citation `gu15_vocal_emotion_recog_log_gabor_filter' on page 11 
undefined on input line 440.


LaTeX Warning: Citation `zen14_unsup_domain_adapt_person_facial_emotion_recog' 
on page 11 undefined on input line 443.

[11]

LaTeX Warning: Citation `mahmoud09_deter' on page 12 undefined on input line 44
7.


Overfull \hbox (1.00983pt too wide) in paragraph at lines 448--450
\OT1/cmr/m/n/12 is pro-posed to gen-er-ate emo-tional speech us-ing semi-tonic 
interval-driven
 []


LaTeX Warning: Citation `semwal17_autom' on page 12 undefined on input line 450
.


Overfull \hbox (5.09416pt too wide) in paragraph at lines 450--450
\OT1/cmr/bx/n/12 to-matic Speech Emo-tion De-tec-tion us-ing Multi-Domain Acous
-
 []


LaTeX Warning: Citation `pang15_mutlim_learn_deep_boltz_machin' on page 12 unde
fined on input line 453.

[12]

LaTeX Warning: Citation `guthier14_detec_visual_emotion_affec_aware_city' on pa
ge 13 undefined on input line 457.


LaTeX Warning: Citation `jiang17_face_detec_faster_r_cnn' on page 13 undefined 
on input line 460.


Overfull \hbox (9.4581pt too wide) in paragraph at lines 460--460
[]\OT1/cmr/bx/n/12 Huaizu Jiang, Erik Learned-Miller: "Face De-tec-tion with Fa
ster
 []


LaTeX Warning: Citation `jiang17_face' on page 13 undefined on input line 464.

[13]

LaTeX Warning: Citation `rajesh16' on page 14 undefined on input line 467.


LaTeX Warning: Citation `shen15_sentim_nao' on page 14 undefined on input line 
471.


Overfull \hbox (2.50386pt too wide) in paragraph at lines 471--471
[]\OT1/cmr/bx/n/12 Jie Shen, Ogn-jen Rudovic, Shiyang Cheng, Maja Pan-tic: "Sen
-
 []


Overfull \hbox (1.94974pt too wide) in paragraph at lines 471--471
\OT1/cmr/bx/n/12 ti-ment Ap-pre-hen-sion in Human-Robot In-ter-ac-tion with NAO
"
 []

[14]

LaTeX Warning: Citation `bertero17_convol_neural_networ' on page 15 undefined o
n input line 475.


LaTeX Warning: Citation `han14_speec_emotion_recog_using_deep' on page 15 undef
ined on input line 478.

[15]

LaTeX Warning: Citation `duncan16_facial_emotion_recog_real_time' on page 16 un
defined on input line 482.


LaTeX Warning: Citation `shang15_neural_respon_machin_short_text_conver' on pag
e 16 undefined on input line 486.


LaTeX Warning: Citation `broekens07_emotion' on page 16 undefined on input line
 490.

[16]
Missing character: There is no Ã in font cmr12!
Missing character: There is no ¢ in font cmr12!
Missing character: There is no â in font cmr12!
Missing character: There is no ‚ in font cmr12!
Missing character: There is no ¬ in font cmr12!
Missing character: There is no Å in font cmr12!
Missing character: There is no “ in font cmr12!
 [17]
Chapter 4.
Missing character: There is no â in font cmr12!
Missing character: There is no € in font cmr12!
Missing character: There is no ™ in font cmr12!

Package Fancyhdr Warning: \fancyfoot's `E' option without twoside option is use
less on input line 514.


Package Fancyhdr Warning: \fancyfoot's `E' option without twoside option is use
less on input line 514.

[18

] [19]
Underfull \hbox (badness 10000) in paragraph at lines 572--572
[]|\OT1/cmr/m/n/12 Ensures that
 []


Underfull \hbox (badness 10000) in paragraph at lines 572--572
\OT1/cmr/m/n/12 mod-ules are
 []


Underfull \hbox (badness 10000) in paragraph at lines 572--572
\OT1/cmr/m/n/12 trained in a
 []


Underfull \hbox (badness 10000) in paragraph at lines 573--573
[]|\OT1/cmr/m/n/12 Ensures that
 []


Underfull \hbox (badness 10000) in paragraph at lines 573--573
\OT1/cmr/m/n/12 mod-ules are
 []


Underfull \hbox (badness 10000) in paragraph at lines 573--573
\OT1/cmr/m/n/12 trained in a
 []


Overfull \hbox (30.92056pt too wide) in paragraph at lines 569--577
 [] 
 []

[20] [21]
Chapter 5.

LaTeX Warning: Citation `bookPressman' on page 22 undefined on input line 607.


Underfull \hbox (badness 10000) in paragraph at lines 621--621
[]|\OT1/cmr/m/n/12 NAO in-ter-face re-
 []


Package Fancyhdr Warning: \fancyfoot's `E' option without twoside option is use
less on input line 626.


Package Fancyhdr Warning: \fancyfoot's `E' option without twoside option is use
less on input line 626.

[22

] [23] [24] [25] [26] [27]
Chapter 6.

Package Fancyhdr Warning: \fancyfoot's `E' option without twoside option is use
less on input line 775.


Package Fancyhdr Warning: \fancyfoot's `E' option without twoside option is use
less on input line 775.

[28

]
Underfull \hbox (badness 10000) in paragraph at lines 802--802
[]|\OT1/cmr/m/n/12 Take au-
 []


Underfull \hbox (badness 10000) in paragraph at lines 802--802
\OT1/cmr/m/n/12 dio,video
 []


Underfull \hbox (badness 10000) in paragraph at lines 802--802
[]|\OT1/cmr/m/n/12 Audio is
 []


Underfull \hbox (badness 10000) in paragraph at lines 802--802
\OT1/cmr/m/n/12 cap-tured
 []


Underfull \hbox (badness 10000) in paragraph at lines 802--802
\OT1/cmr/m/n/12 when-ever
 []


Underfull \hbox (badness 2073) in paragraph at lines 802--802
\OT1/cmr/m/n/12 there is a 5
 []


Underfull \hbox (badness 10000) in paragraph at lines 802--802
\OT1/cmr/m/n/12 ut-ter-ance,
 []


Underfull \hbox (badness 10000) in paragraph at lines 802--802
\OT1/cmr/m/n/12 tured when
 []


Underfull \hbox (badness 10000) in paragraph at lines 802--802
\OT1/cmr/m/n/12 a face is
 []


Underfull \hbox (badness 10000) in paragraph at lines 802--802
[]|\OT1/cmr/m/n/12 Camera,
 []


Overfull \hbox (1.07413pt too wide) in paragraph at lines 802--802
\OT1/cmr/m/n/12 Mic(Modelling
 []


Underfull \hbox (badness 2762) in paragraph at lines 802--802
[]|\OT1/cmr/m/n/12 Camera, Mic
 []


Underfull \hbox (badness 10000) in paragraph at lines 802--802
[]|\OT1/cmr/m/n/12 Emotion
 []


Underfull \hbox (badness 10000) in paragraph at lines 802--802
\OT1/cmr/m/n/12 Recog us-ing
 []


Underfull \hbox (badness 10000) in paragraph at lines 802--802
[]|\OT1/cmr/m/n/12 Emotion is
 []


Underfull \hbox (badness 1460) in paragraph at lines 802--802
\OT1/cmr/m/n/12 an-a-lyz-ing the
 []


Underfull \hbox (badness 10000) in paragraph at lines 802--802
\OT1/cmr/m/n/12 ori-en-ta-tion
 []


Underfull \hbox (badness 3612) in paragraph at lines 802--802
\OT1/cmr/m/n/12 of the fa-cial
 []


Underfull \hbox (badness 10000) in paragraph at lines 802--802
[]|\OT1/cmr/m/n/12 Face is de-
 []


Underfull \hbox (badness 10000) in paragraph at lines 802--802
[]|\OT1/cmr/m/n/12 Emotion
 []


Underfull \hbox (badness 10000) in paragraph at lines 802--802
\OT1/cmr/m/n/12 Recog us-ing
 []


Underfull \hbox (badness 4120) in paragraph at lines 802--802
\OT1/cmr/m/n/12 ple is above
 []


Underfull \hbox (badness 10000) in paragraph at lines 802--802
\OT1/cmr/m/n/12 a thresh-old,
 []


Underfull \hbox (badness 10000) in paragraph at lines 802--802
\OT1/cmr/m/n/12 an-a-lyzed us-
 []


Underfull \hbox (badness 1783) in paragraph at lines 802--802
[]|\OT1/cmr/m/n/12 Audio en-ergy
 []


Underfull \hbox (badness 1132) in paragraph at lines 802--802
\OT1/cmr/m/n/12 above thresh-
 []


Underfull \hbox (badness 10000) in paragraph at lines 802--802
[]|\OT1/cmr/m/n/12 Emotion
 []


Underfull \hbox (badness 10000) in paragraph at lines 802--802
\OT1/cmr/m/n/12 Recog us-ing
 []


Underfull \hbox (badness 10000) in paragraph at lines 802--802
[]|\OT1/cmr/m/n/12 Speech-to-
 []


Underfull \hbox (badness 10000) in paragraph at lines 802--802
\OT1/cmr/m/n/12 text con-
 []


Underfull \hbox (badness 10000) in paragraph at lines 802--802
\OT1/cmr/m/n/12 ver-sion is
 []


Underfull \hbox (badness 1540) in paragraph at lines 802--802
\OT1/cmr/m/n/12 done, feed-ing
 []


Underfull \hbox (badness 10000) in paragraph at lines 802--802
\OT1/cmr/m/n/12 tran-script as
 []


Underfull \hbox (badness 10000) in paragraph at lines 802--802
[]|\OT1/cmr/m/n/12 The tran-
 []


Underfull \hbox (badness 10000) in paragraph at lines 802--802
\OT1/cmr/m/n/12 script does
 []


Underfull \hbox (badness 10000) in paragraph at lines 802--802
\OT1/cmr/m/n/12 not con-tain
 []


Underfull \hbox (badness 10000) in paragraph at lines 802--802
\OT1/cmr/m/n/12 out-of-place
 []


Underfull \hbox (badness 3690) in paragraph at lines 802--802
[]|\OT1/cmr/m/n/12 Display emo-
 []


Underfull \hbox (badness 10000) in paragraph at lines 802--802
[]|\OT1/cmr/m/n/12 Final rec-og-
 []


Underfull \hbox (badness 10000) in paragraph at lines 802--802
\OT1/cmr/m/n/12 is dis-played
 []


Underfull \hbox (badness 10000) in paragraph at lines 802--802
\OT1/cmr/m/n/12 on the web
 []


Underfull \hbox (badness 10000) in paragraph at lines 802--802
[]|\OT1/cmr/m/n/12 Appropriate
 []


Underfull \hbox (badness 10000) in paragraph at lines 802--802
\OT1/cmr/m/n/12 weights are
 []


Underfull \hbox (badness 10000) in paragraph at lines 802--802
\OT1/cmr/m/n/12 as-signed
 []


Underfull \hbox (badness 10000) in paragraph at lines 802--802
[]|\OT1/cmr/m/n/12 Perform
 []


Underfull \hbox (badness 10000) in paragraph at lines 802--802
\OT1/cmr/m/n/12 Speech-To-
 []


Underfull \hbox (badness 6775) in paragraph at lines 802--802
[]|\OT1/cmr/m/n/12 Converts au-
 []


Underfull \hbox (badness 10000) in paragraph at lines 802--802
\OT1/cmr/m/n/12 dio sam-ple
 []


Underfull \hbox (badness 10000) in paragraph at lines 802--802
\OT1/cmr/m/n/12 into tran-
 []


Underfull \hbox (badness 10000) in paragraph at lines 802--802
[]|\OT1/cmr/m/n/12 Google API,
 []


Underfull \hbox (badness 4713) in paragraph at lines 802--802
[]|\OT1/cmr/m/n/12 Internet con-
 []


Underfull \hbox (badness 1783) in paragraph at lines 802--802
\OT1/cmr/m/n/12 nec-tion avail-
 []


LaTeX Warning: Float too large for page by 79.44972pt on input line 806.

[29] [30]
<use_case_proj.jpg, id=664, 804.00375pt x 673.51625pt>
File: use_case_proj.jpg Graphic file (type jpg)
<use use_case_proj.jpg>
Package pdftex.def Info: use_case_proj.jpg  used on input line 813.
(pdftex.def)             Requested size: 390.0pt x 326.69609pt.
 [31 <./use_case_proj.jpg>]
<dataflow_proj.jpg, id=669, 654.445pt x 502.87875pt>
File: dataflow_proj.jpg Graphic file (type jpg)
<use dataflow_proj.jpg>
Package pdftex.def Info: dataflow_proj.jpg  used on input line 827.
(pdftex.def)             Requested size: 390.0pt x 299.67313pt.
 [32 <./dataflow_proj.jpg>] [33]
Chapter 7.

Package Fancyhdr Warning: \fancyfoot's `E' option without twoside option is use
less on input line 899.


Package Fancyhdr Warning: \fancyfoot's `E' option without twoside option is use
less on input line 899.

[34

] [35]
Chapter 8.

Package Fancyhdr Warning: \fancyfoot's `E' option without twoside option is use
less on input line 906.


Package Fancyhdr Warning: \fancyfoot's `E' option without twoside option is use
less on input line 906.

[36

] [37]
<tone-utterances-before-combining.png, id=698, 455.45157pt x 255.95625pt>
File: tone-utterances-before-combining.png Graphic file (type png)
<use tone-utterances-before-combining.png>
Package pdftex.def Info: tone-utterances-before-combining.png  used on input li
ne 947.
(pdftex.def)             Requested size: 390.0pt x 219.17683pt.
<tone-utterances-after-combining.png, id=699, 455.45157pt x 255.95625pt>
File: tone-utterances-after-combining.png Graphic file (type png)
<use tone-utterances-after-combining.png>
Package pdftex.def Info: tone-utterances-after-combining.png  used on input lin
e 956.
(pdftex.def)             Requested size: 390.0pt x 219.17683pt.
 [38 <./tone-utterances-before-combining.png (PNG copy)>] [39 <./tone-utterance
s-after-combining.png (PNG copy)>]
<tone-convergence-dnn.png, id=709, 455.45157pt x 255.95625pt>
File: tone-convergence-dnn.png Graphic file (type png)
<use tone-convergence-dnn.png>
Package pdftex.def Info: tone-convergence-dnn.png  used on input line 1041.
(pdftex.def)             Requested size: 390.0pt x 219.17683pt.
<tone-confusion-matrix.png, id=710, 462.528pt x 346.896pt>
File: tone-confusion-matrix.png Graphic file (type png)
<use tone-confusion-matrix.png>
Package pdftex.def Info: tone-confusion-matrix.png  used on input line 1050.
(pdftex.def)             Requested size: 390.0pt x 292.5128pt.
 [40] [41 <./tone-convergence-dnn.png (PNG copy)> <./tone-confusion-matrix.png>
]
<visual-corpus-distribution.png, id=722, 455.45157pt x 255.95625pt>
File: visual-corpus-distribution.png Graphic file (type png)
<use visual-corpus-distribution.png>
Package pdftex.def Info: visual-corpus-distribution.png  used on input line 107
4.
(pdftex.def)             Requested size: 390.0pt x 219.17683pt.
 [42] [43 <./visual-corpus-distribution.png (PNG copy)>] [44]
Overfull \hbox (900.22499pt too wide) in paragraph at lines 1193--1193
 []\OT1/cmtt/m/n/12 [0.8181818181818182, 0.8181818181818182, 0.7922077922077922
, 0.8701298701298701, 0.8051948051948052, 0.8961038961038961, 0.766233766233766
3, 0.8701298701298701, 0.8441558441558441, 0.7792207792207793][] 
 []

<visual-kfold-svm.png, id=737, 455.45157pt x 255.95625pt>
File: visual-kfold-svm.png Graphic file (type png)
<use visual-kfold-svm.png>
Package pdftex.def Info: visual-kfold-svm.png  used on input line 1198.
(pdftex.def)             Requested size: 390.0pt x 219.17683pt.
<visual-confusion-matrix.png, id=738, 462.528pt x 346.896pt>
File: visual-confusion-matrix.png Graphic file (type png)
<use visual-confusion-matrix.png>
Package pdftex.def Info: visual-confusion-matrix.png  used on input line 1206.
(pdftex.def)             Requested size: 390.0pt x 292.5128pt.
<text-convergence.png, id=739, 455.45157pt x 255.95625pt>
File: text-convergence.png Graphic file (type png)
<use text-convergence.png>
Package pdftex.def Info: text-convergence.png  used on input line 1222.
(pdftex.def)             Requested size: 390.0pt x 219.17683pt.
[45] [46 <./visual-kfold-svm.png (PNG copy)> <./visual-confusion-matrix.png>]
<text-utterance-after-combining.png, id=750, 455.45157pt x 255.95625pt>
File: text-utterance-after-combining.png Graphic file (type png)
<use text-utterance-after-combining.png>
Package pdftex.def Info: text-utterance-after-combining.png  used on input line
 1231.
(pdftex.def)             Requested size: 390.0pt x 219.17683pt.
<text-confusion-matrix.png, id=751, 462.528pt x 346.896pt>
File: text-confusion-matrix.png Graphic file (type png)
<use text-confusion-matrix.png>
Package pdftex.def Info: text-confusion-matrix.png  used on input line 1240.
(pdftex.def)             Requested size: 390.0pt x 292.5128pt.

[47 <./text-convergence.png (PNG copy)> <./text-utterance-after-combining.png (
PNG copy)>] [48 <./text-confusion-matrix.png>]
Chapter 9.

Package Fancyhdr Warning: \fancyfoot's `E' option without twoside option is use
less on input line 1259.


Package Fancyhdr Warning: \fancyfoot's `E' option without twoside option is use
less on input line 1259.

[49

]
Chapter 10.

Package Fancyhdr Warning: \fancyfoot's `E' option without twoside option is use
less on input line 1265.


Package Fancyhdr Warning: \fancyfoot's `E' option without twoside option is use
less on input line 1265.

[50

]
Chapter 11.

Package Fancyhdr Warning: \fancyfoot's `E' option without twoside option is use
less on input line 1269.


Package Fancyhdr Warning: \fancyfoot's `E' option without twoside option is use
less on input line 1269.

[51

]
Chapter 12.

Package Fancyhdr Warning: \fancyfoot's `E' option without twoside option is use
less on input line 1275.


Package Fancyhdr Warning: \fancyfoot's `E' option without twoside option is use
less on input line 1275.

[52

]
Annexure A.
(BE_Project_Report.bbl

Package Fancyhdr Warning: \fancyfoot's `E' option without twoside option is use
less on input line 1.


Package Fancyhdr Warning: \fancyfoot's `E' option without twoside option is use
less on input line 1.

[53

]
Annexure B.

LaTeX Warning: Empty `thebibliography' environment on input line 3.

)

Package Fancyhdr Warning: \fancyfoot's `E' option without twoside option is use
less on input line 1280.


Package Fancyhdr Warning: \fancyfoot's `E' option without twoside option is use
less on input line 1280.

[54

]
Annexure C.
<idea_matrix.JPG, id=786, 669.702pt x 399.894pt>
File: idea_matrix.JPG Graphic file (type jpg)
<use idea_matrix.JPG>
Package pdftex.def Info: idea_matrix.JPG  used on input line 1285.
(pdftex.def)             Requested size: 414.3982pt x 247.44966pt.

Overfull \hbox (53.77289pt too wide) in paragraph at lines 1285--1286
[][]  
 []


Package Fancyhdr Warning: \fancyfoot's `E' option without twoside option is use
less on input line 1286.


Package Fancyhdr Warning: \fancyfoot's `E' option without twoside option is use
less on input line 1286.

[55

 <./idea_matrix.JPG>] [56]
Annexure D.

LaTeX Warning: Citation `ehr' on page 57 undefined on input line 1302.


LaTeX Warning: Citation `mckinsey' on page 57 undefined on input line 1302.


LaTeX Warning: Citation `mckinseyweb' on page 57 undefined on input line 1302.


LaTeX Warning: Citation `govwebsite' on page 57 undefined on input line 1302.


Package Fancyhdr Warning: \fancyfoot's `E' option without twoside option is use
less on input line 1306.


Package Fancyhdr Warning: \fancyfoot's `E' option without twoside option is use
less on input line 1306.

[57

]
Annexure E.

Package Fancyhdr Warning: \fancyfoot's `E' option without twoside option is use
less on input line 1313.


Package Fancyhdr Warning: \fancyfoot's `E' option without twoside option is use
less on input line 1313.

[58

]
Annexure F.

Package Fancyhdr Warning: \fancyfoot's `E' option without twoside option is use
less on input line 1325.


Package Fancyhdr Warning: \fancyfoot's `E' option without twoside option is use
less on input line 1325.

[59

]
Annexure G.

Package Fancyhdr Warning: \fancyfoot's `E' option without twoside option is use
less on input line 1327.


Package Fancyhdr Warning: \fancyfoot's `E' option without twoside option is use
less on input line 1327.

[60

]
Annexure H.

Package Fancyhdr Warning: \fancyfoot's `E' option without twoside option is use
less on input line 1337.


Package Fancyhdr Warning: \fancyfoot's `E' option without twoside option is use
less on input line 1337.

[61

]
Annexure I.

Package Fancyhdr Warning: \fancyfoot's `E' option without twoside option is use
less on input line 1339.


Package Fancyhdr Warning: \fancyfoot's `E' option without twoside option is use
less on input line 1339.

[62

] [63]
Package atveryend Info: Empty hook `BeforeClearDocument' on input line 1353.
Package atveryend Info: Empty hook `AfterLastShipout' on input line 1353.
 (BE_Project_Report.aux)
Package atveryend Info: Executing hook `AtVeryEndDocument' on input line 1353.
Package atveryend Info: Executing hook `AtEndAfterFileList' on input line 1353.

Package rerunfilecheck Info: File `BE_Project_Report.out' has not changed.
(rerunfilecheck)             Checksum: CCABF15EA6758657F3F4820BB41CB55C;5793.


LaTeX Font Warning: Size substitutions with differences
(Font)              up to 1.28pt have occurred.


LaTeX Warning: There were undefined references.


LaTeX Warning: There were multiply-defined labels.

Package atveryend Info: Empty hook `AtVeryVeryEnd' on input line 1353.
 ) 
Here is how much of TeX's memory you used:
 21359 strings out of 493305
 443607 string characters out of 3129802
 523979 words of memory out of 3000000
 24292 multiletter control sequences out of 15000+200000
 8669 words of font info for 31 fonts, out of 3000000 for 9000
 1141 hyphenation exceptions out of 8191
 55i,12n,80p,1430b,724s stack positions out of 5000i,500n,10000p,200000b,50000s
<C:/Users/Manas/AppData/Local/Programs/MiKTeX 2.9/fonts/type1/public/amsfonts
/cm/cmbx12.pfb><C:/Users/Manas/AppData/Local/Programs/MiKTeX 2.9/fonts/type1/pu
blic/amsfonts/cm/cmex10.pfb><C:/Users/Manas/AppData/Local/Programs/MiKTeX 2.9/f
onts/type1/public/amsfonts/cm/cmmi12.pfb><C:/Users/Manas/AppData/Local/Programs
/MiKTeX 2.9/fonts/type1/public/amsfonts/cm/cmmi8.pfb><C:/Users/Manas/AppData/Lo
cal/Programs/MiKTeX 2.9/fonts/type1/public/amsfonts/cm/cmr12.pfb><C:/Users/Mana
s/AppData/Local/Programs/MiKTeX 2.9/fonts/type1/public/amsfonts/cm/cmr8.pfb><C:
/Users/Manas/AppData/Local/Programs/MiKTeX 2.9/fonts/type1/public/amsfonts/cm/c
msy10.pfb><C:/Users/Manas/AppData/Local/Programs/MiKTeX 2.9/fonts/type1/public/
amsfonts/cm/cmtt12.pfb>
Output written on BE_Project_Report.pdf (73 pages, 729359 bytes).
PDF statistics:
 921 PDF objects out of 1000 (max. 8388607)
 228 named destinations out of 1000 (max. 500000)
 726 words of extra memory for PDF output out of 10000 (max. 10000000)

